<?xml version="1.0" encoding="UTF-8"?>
<!-- Generated by org.testng.reporters.JUnitXMLReporter -->
<testsuite ignored="0" hostname="Arjen" failures="0" tests="4" name="Default test" time="19.399" errors="0" timestamp="2023-09-22T19:03:27 IST">
  <testcase classname="Project1.loginPage" name="testCase001" time="1.861"/>
  <testcase classname="Project1.loginPage" name="testCase001" time="0.508"/>
  <testcase classname="Project1.loginPage" name="testCase001" time="0.596"/>
  <testcase classname="Project1.loginPage" name="testCase001" time="0.665"/>
</testsuite> <!-- Default test -->
