<?xml version="1.0" encoding="UTF-8"?>
<testng-results ignored="0" total="4" passed="4" failed="0" skipped="0">
  <reporter-output>
  </reporter-output>
  <suite started-at="2023-09-22T19:03:08 IST" name="Default suite" finished-at="2023-09-22T19:03:27 IST" duration-ms="19399">
    <groups>
    </groups>
    <test started-at="2023-09-22T19:03:08 IST" name="Default test" finished-at="2023-09-22T19:03:27 IST" duration-ms="19399">
      <class name="Project1.loginPage">
        <test-method is-config="true" signature="setUp()[pri:0, instance:Project1.loginPage@4310d43]" started-at="2023-09-22T19:03:09 IST" name="setUp" finished-at="2023-09-22T19:03:13 IST" duration-ms="4548" status="PASS">
          <reporter-output>
          </reporter-output>
        </test-method> <!-- setUp -->
        <test-method signature="testCase001(java.lang.String,java.lang.String)[pri:0, instance:Project1.loginPage@4310d43]" started-at="2023-09-22T19:03:13 IST" name="testCase001" data-provider="testdata" finished-at="2023-09-22T19:03:15 IST" duration-ms="1861" status="PASS">
          <params>
            <param index="0">
              <value>
                <![CDATA[Admin]]>
              </value>
            </param>
            <param index="1">
              <value>
                <![CDATA[admin123]]>
              </value>
            </param>
          </params>
          <reporter-output>
          </reporter-output>
        </test-method> <!-- testCase001 -->
        <test-method is-config="true" signature="teardown()[pri:0, instance:Project1.loginPage@4310d43]" started-at="2023-09-22T19:03:15 IST" name="teardown" finished-at="2023-09-22T19:03:15 IST" duration-ms="127" status="PASS">
          <reporter-output>
          </reporter-output>
        </test-method> <!-- teardown -->
        <test-method is-config="true" signature="setUp()[pri:0, instance:Project1.loginPage@4310d43]" started-at="2023-09-22T19:03:15 IST" name="setUp" finished-at="2023-09-22T19:03:18 IST" duration-ms="3109" status="PASS">
          <reporter-output>
          </reporter-output>
        </test-method> <!-- setUp -->
        <test-method signature="testCase001(java.lang.String,java.lang.String)[pri:0, instance:Project1.loginPage@4310d43]" started-at="2023-09-22T19:03:18 IST" name="testCase001" data-provider="testdata" finished-at="2023-09-22T19:03:19 IST" duration-ms="508" status="PASS">
          <params>
            <param index="0">
              <value>
                <![CDATA[ad]]>
              </value>
            </param>
            <param index="1">
              <value>
                <![CDATA[admin123]]>
              </value>
            </param>
          </params>
          <reporter-output>
          </reporter-output>
        </test-method> <!-- testCase001 -->
        <test-method is-config="true" signature="teardown()[pri:0, instance:Project1.loginPage@4310d43]" started-at="2023-09-22T19:03:19 IST" name="teardown" finished-at="2023-09-22T19:03:19 IST" duration-ms="121" status="PASS">
          <reporter-output>
          </reporter-output>
        </test-method> <!-- teardown -->
        <test-method is-config="true" signature="setUp()[pri:0, instance:Project1.loginPage@4310d43]" started-at="2023-09-22T19:03:19 IST" name="setUp" finished-at="2023-09-22T19:03:22 IST" duration-ms="3457" status="PASS">
          <reporter-output>
          </reporter-output>
        </test-method> <!-- setUp -->
        <test-method signature="testCase001(java.lang.String,java.lang.String)[pri:0, instance:Project1.loginPage@4310d43]" started-at="2023-09-22T19:03:22 IST" name="testCase001" data-provider="testdata" finished-at="2023-09-22T19:03:23 IST" duration-ms="596" status="PASS">
          <params>
            <param index="0">
              <value>
                <![CDATA[Random]]>
              </value>
            </param>
            <param index="1">
              <value>
                <![CDATA[admin123]]>
              </value>
            </param>
          </params>
          <reporter-output>
          </reporter-output>
        </test-method> <!-- testCase001 -->
        <test-method is-config="true" signature="teardown()[pri:0, instance:Project1.loginPage@4310d43]" started-at="2023-09-22T19:03:23 IST" name="teardown" finished-at="2023-09-22T19:03:23 IST" duration-ms="58" status="PASS">
          <reporter-output>
          </reporter-output>
        </test-method> <!-- teardown -->
        <test-method is-config="true" signature="setUp()[pri:0, instance:Project1.loginPage@4310d43]" started-at="2023-09-22T19:03:23 IST" name="setUp" finished-at="2023-09-22T19:03:27 IST" duration-ms="3696" status="PASS">
          <reporter-output>
          </reporter-output>
        </test-method> <!-- setUp -->
        <test-method signature="testCase001(java.lang.String,java.lang.String)[pri:0, instance:Project1.loginPage@4310d43]" started-at="2023-09-22T19:03:27 IST" name="testCase001" data-provider="testdata" finished-at="2023-09-22T19:03:27 IST" duration-ms="665" status="PASS">
          <params>
            <param index="0">
              <value>
                <![CDATA[Random]]>
              </value>
            </param>
            <param index="1">
              <value>
                <![CDATA[random123]]>
              </value>
            </param>
          </params>
          <reporter-output>
          </reporter-output>
        </test-method> <!-- testCase001 -->
        <test-method is-config="true" signature="teardown()[pri:0, instance:Project1.loginPage@4310d43]" started-at="2023-09-22T19:03:27 IST" name="teardown" finished-at="2023-09-22T19:03:27 IST" duration-ms="92" status="PASS">
          <reporter-output>
          </reporter-output>
        </test-method> <!-- teardown -->
      </class> <!-- Project1.loginPage -->
    </test> <!-- Default test -->
  </suite> <!-- Default suite -->
</testng-results>
